
--- simulator started 2026-07-14T10:22:23.476Z ---
{"time":"2026-07-14T10:22:27.166Z","lvl":"ERROR","msg":"The provided simulation configuration file path ('C:\\Users\\igeran\\desktop\\fiware-device-simulator\\simulation.json') does not exist"}

  Usage: fiwareDeviceSimulatorCLI [options]

  Options:

    -h, --help                                     output usage information
    -V, --version                                  output the version number
    -c, --configuration <configuration-file-path>  Absolute or relative path (from the root of the Node application) to the device simulator configuration file (mandatory)
    -d, --delay <milliseconds>                     The delay in milliseconds for future updates when the number of update requests waiting for response is bigger than the value set with the -m option (defaults to 1 second if -m is set and -d is not set, it has no effect if -m is not set)
    -m, --maximumNotRespondedRequests <requests>   The maximum number of update requests not responded before applying delay
    -p, --progressInfoInterval <milliseconds>      The interval in milliseconds to show progress information  for fast-forward simulation
    -s, --silent                                   No progress information will be output by the console
    -w, --dweet <dweet-configuration>              Configuration information to publish the simulation progress information in dweet.io (it must be an object containing a 'name' property for the dweet thing and optionally an 'apiKey' property in case the thing is locked, for example: -w "{\"name\": \"fds:Test:001\"}")
    -l, --timeline <google-sheets-configuration    Configuration information to publish the scheduled updates into Google Sheets for its visualization as a Timeline Google Chart in Freeboard.io (it must be an object including a 'sheetKey' property for the long Google Sheet key where the data will be stored, a 'credentialsPath' property for the path to the Google generated credentials (more information about how to generate this credentials is available in the documentation), a 'dateFormat' property for the date format used by Google Sheets in your locale according to the dateformat NPM package (for further information, please visit: https://github.com/felixge/node-dateformat#mask-options) and a 'refreshInterval' property for the minimum interval in milliseconds the scheduled updates will be refreshed in the associated Google Sheet (i.e., the Google Sheet will be udpated in the next progress information tick (see the -p option) once this interval has passed since the last refresh), for example: -l "{\"sheetKey": \"1rGEpgC38kf_AC7FFlM71wev_-fKeuPKEOTvVY9I7e2Y", \"credentialsPath\": \"FIWARE Device Simulator-f11816817451.json\", \"dateFormat": \"dd/mm/yyyy HH:MM:ss\", \"refreshInterval\": 15000}")
    -f, --from <from-date>                         The start date to begin the fast-forward simulation (if not set, the current time will be used)
    -t, --to <to-date>                             The end date to stop the fast-forward simulation (if not set, the fast-forward will progress to the future and never end)
    -x, --all <cli-configuration-file-path>        Absolute or relative path (from the root of the Node application) to the command line tool configuration file (a JSON file including all the previous configuration options) (the long option names are used as properties of the JSON object) (options set in the comand line prevail)


--- simulator started 2026-07-14T10:23:01.332Z ---
{"time":"2026-07-14T10:23:01.698Z","lvl":"ERROR","msg":"The provided simulation configuration file path ('C:\\Users\\igeran\\desktop\\fiware-device-simulator\\simulation.json') does not exist"}

  Usage: fiwareDeviceSimulatorCLI [options]

  Options:

    -h, --help                                     output usage information
    -V, --version                                  output the version number
    -c, --configuration <configuration-file-path>  Absolute or relative path (from the root of the Node application) to the device simulator configuration file (mandatory)
    -d, --delay <milliseconds>                     The delay in milliseconds for future updates when the number of update requests waiting for response is bigger than the value set with the -m option (defaults to 1 second if -m is set and -d is not set, it has no effect if -m is not set)
    -m, --maximumNotRespondedRequests <requests>   The maximum number of update requests not responded before applying delay
    -p, --progressInfoInterval <milliseconds>      The interval in milliseconds to show progress information  for fast-forward simulation
    -s, --silent                                   No progress information will be output by the console
    -w, --dweet <dweet-configuration>              Configuration information to publish the simulation progress information in dweet.io (it must be an object containing a 'name' property for the dweet thing and optionally an 'apiKey' property in case the thing is locked, for example: -w "{\"name\": \"fds:Test:001\"}")
    -l, --timeline <google-sheets-configuration    Configuration information to publish the scheduled updates into Google Sheets for its visualization as a Timeline Google Chart in Freeboard.io (it must be an object including a 'sheetKey' property for the long Google Sheet key where the data will be stored, a 'credentialsPath' property for the path to the Google generated credentials (more information about how to generate this credentials is available in the documentation), a 'dateFormat' property for the date format used by Google Sheets in your locale according to the dateformat NPM package (for further information, please visit: https://github.com/felixge/node-dateformat#mask-options) and a 'refreshInterval' property for the minimum interval in milliseconds the scheduled updates will be refreshed in the associated Google Sheet (i.e., the Google Sheet will be udpated in the next progress information tick (see the -p option) once this interval has passed since the last refresh), for example: -l "{\"sheetKey": \"1rGEpgC38kf_AC7FFlM71wev_-fKeuPKEOTvVY9I7e2Y", \"credentialsPath\": \"FIWARE Device Simulator-f11816817451.json\", \"dateFormat": \"dd/mm/yyyy HH:MM:ss\", \"refreshInterval\": 15000}")
    -f, --from <from-date>                         The start date to begin the fast-forward simulation (if not set, the current time will be used)
    -t, --to <to-date>                             The end date to stop the fast-forward simulation (if not set, the fast-forward will progress to the future and never end)
    -x, --all <cli-configuration-file-path>        Absolute or relative path (from the root of the Node application) to the command line tool configuration file (a JSON file including all the previous configuration options) (the long option names are used as properties of the JSON object) (options set in the comand line prevail)


--- simulator started 2026-07-14T10:25:33.342Z ---
{"time":"2026-07-14T10:25:33.725Z","lvl":"ERROR","msg":"The provided simulation configuration file path ('C:\\Users\\igeran\\desktop\\fiware-device-simulator\\simulation.json') does not exist"}

  Usage: fiwareDeviceSimulatorCLI [options]

  Options:

    -h, --help                                     output usage information
    -V, --version                                  output the version number
    -c, --configuration <configuration-file-path>  Absolute or relative path (from the root of the Node application) to the device simulator configuration file (mandatory)
    -d, --delay <milliseconds>                     The delay in milliseconds for future updates when the number of update requests waiting for response is bigger than the value set with the -m option (defaults to 1 second if -m is set and -d is not set, it has no effect if -m is not set)
    -m, --maximumNotRespondedRequests <requests>   The maximum number of update requests not responded before applying delay
    -p, --progressInfoInterval <milliseconds>      The interval in milliseconds to show progress information  for fast-forward simulation
    -s, --silent                                   No progress information will be output by the console
    -w, --dweet <dweet-configuration>              Configuration information to publish the simulation progress information in dweet.io (it must be an object containing a 'name' property for the dweet thing and optionally an 'apiKey' property in case the thing is locked, for example: -w "{\"name\": \"fds:Test:001\"}")
    -l, --timeline <google-sheets-configuration    Configuration information to publish the scheduled updates into Google Sheets for its visualization as a Timeline Google Chart in Freeboard.io (it must be an object including a 'sheetKey' property for the long Google Sheet key where the data will be stored, a 'credentialsPath' property for the path to the Google generated credentials (more information about how to generate this credentials is available in the documentation), a 'dateFormat' property for the date format used by Google Sheets in your locale according to the dateformat NPM package (for further information, please visit: https://github.com/felixge/node-dateformat#mask-options) and a 'refreshInterval' property for the minimum interval in milliseconds the scheduled updates will be refreshed in the associated Google Sheet (i.e., the Google Sheet will be udpated in the next progress information tick (see the -p option) once this interval has passed since the last refresh), for example: -l "{\"sheetKey": \"1rGEpgC38kf_AC7FFlM71wev_-fKeuPKEOTvVY9I7e2Y", \"credentialsPath\": \"FIWARE Device Simulator-f11816817451.json\", \"dateFormat": \"dd/mm/yyyy HH:MM:ss\", \"refreshInterval\": 15000}")
    -f, --from <from-date>                         The start date to begin the fast-forward simulation (if not set, the current time will be used)
    -t, --to <to-date>                             The end date to stop the fast-forward simulation (if not set, the fast-forward will progress to the future and never end)
    -x, --all <cli-configuration-file-path>        Absolute or relative path (from the root of the Node application) to the command line tool configuration file (a JSON file including all the previous configuration options) (the long option names are used as properties of the JSON object) (options set in the comand line prevail)


--- simulator started 2026-07-14T11:37:49.431Z ---
{"time":"2026-07-14T11:37:49.886Z","lvl":"ERROR","msg":"The provided simulation configuration file path ('C:\\Users\\igeran\\desktop\\fiware-device-simulator\\simulation.json') does not exist"}

  Usage: fiwareDeviceSimulatorCLI [options]

  Options:

    -h, --help                                     output usage information
    -V, --version                                  output the version number
    -c, --configuration <configuration-file-path>  Absolute or relative path (from the root of the Node application) to the device simulator configuration file (mandatory)
    -d, --delay <milliseconds>                     The delay in milliseconds for future updates when the number of update requests waiting for response is bigger than the value set with the -m option (defaults to 1 second if -m is set and -d is not set, it has no effect if -m is not set)
    -m, --maximumNotRespondedRequests <requests>   The maximum number of update requests not responded before applying delay
    -p, --progressInfoInterval <milliseconds>      The interval in milliseconds to show progress information  for fast-forward simulation
    -s, --silent                                   No progress information will be output by the console
    -w, --dweet <dweet-configuration>              Configuration information to publish the simulation progress information in dweet.io (it must be an object containing a 'name' property for the dweet thing and optionally an 'apiKey' property in case the thing is locked, for example: -w "{\"name\": \"fds:Test:001\"}")
    -l, --timeline <google-sheets-configuration    Configuration information to publish the scheduled updates into Google Sheets for its visualization as a Timeline Google Chart in Freeboard.io (it must be an object including a 'sheetKey' property for the long Google Sheet key where the data will be stored, a 'credentialsPath' property for the path to the Google generated credentials (more information about how to generate this credentials is available in the documentation), a 'dateFormat' property for the date format used by Google Sheets in your locale according to the dateformat NPM package (for further information, please visit: https://github.com/felixge/node-dateformat#mask-options) and a 'refreshInterval' property for the minimum interval in milliseconds the scheduled updates will be refreshed in the associated Google Sheet (i.e., the Google Sheet will be udpated in the next progress information tick (see the -p option) once this interval has passed since the last refresh), for example: -l "{\"sheetKey": \"1rGEpgC38kf_AC7FFlM71wev_-fKeuPKEOTvVY9I7e2Y", \"credentialsPath\": \"FIWARE Device Simulator-f11816817451.json\", \"dateFormat": \"dd/mm/yyyy HH:MM:ss\", \"refreshInterval\": 15000}")
    -f, --from <from-date>                         The start date to begin the fast-forward simulation (if not set, the current time will be used)
    -t, --to <to-date>                             The end date to stop the fast-forward simulation (if not set, the fast-forward will progress to the future and never end)
    -x, --all <cli-configuration-file-path>        Absolute or relative path (from the root of the Node application) to the command line tool configuration file (a JSON file including all the previous configuration options) (the long option names are used as properties of the JSON object) (options set in the comand line prevail)


--- simulator started 2026-07-14T11:42:19.117Z ---
{"time":"2026-07-14T11:42:19.587Z","lvl":"ERROR","msg":"The provided simulation configuration file path ('C:\\Users\\igeran\\desktop\\fiware-device-simulator\\simulation.json') does not exist"}

  Usage: fiwareDeviceSimulatorCLI [options]

  Options:

    -h, --help                                     output usage information
    -V, --version                                  output the version number
    -c, --configuration <configuration-file-path>  Absolute or relative path (from the root of the Node application) to the device simulator configuration file (mandatory)
    -d, --delay <milliseconds>                     The delay in milliseconds for future updates when the number of update requests waiting for response is bigger than the value set with the -m option (defaults to 1 second if -m is set and -d is not set, it has no effect if -m is not set)
    -m, --maximumNotRespondedRequests <requests>   The maximum number of update requests not responded before applying delay
    -p, --progressInfoInterval <milliseconds>      The interval in milliseconds to show progress information  for fast-forward simulation
    -s, --silent                                   No progress information will be output by the console
    -w, --dweet <dweet-configuration>              Configuration information to publish the simulation progress information in dweet.io (it must be an object containing a 'name' property for the dweet thing and optionally an 'apiKey' property in case the thing is locked, for example: -w "{\"name\": \"fds:Test:001\"}")
    -l, --timeline <google-sheets-configuration    Configuration information to publish the scheduled updates into Google Sheets for its visualization as a Timeline Google Chart in Freeboard.io (it must be an object including a 'sheetKey' property for the long Google Sheet key where the data will be stored, a 'credentialsPath' property for the path to the Google generated credentials (more information about how to generate this credentials is available in the documentation), a 'dateFormat' property for the date format used by Google Sheets in your locale according to the dateformat NPM package (for further information, please visit: https://github.com/felixge/node-dateformat#mask-options) and a 'refreshInterval' property for the minimum interval in milliseconds the scheduled updates will be refreshed in the associated Google Sheet (i.e., the Google Sheet will be udpated in the next progress information tick (see the -p option) once this interval has passed since the last refresh), for example: -l "{\"sheetKey": \"1rGEpgC38kf_AC7FFlM71wev_-fKeuPKEOTvVY9I7e2Y", \"credentialsPath\": \"FIWARE Device Simulator-f11816817451.json\", \"dateFormat": \"dd/mm/yyyy HH:MM:ss\", \"refreshInterval\": 15000}")
    -f, --from <from-date>                         The start date to begin the fast-forward simulation (if not set, the current time will be used)
    -t, --to <to-date>                             The end date to stop the fast-forward simulation (if not set, the fast-forward will progress to the future and never end)
    -x, --all <cli-configuration-file-path>        Absolute or relative path (from the root of the Node application) to the command line tool configuration file (a JSON file including all the previous configuration options) (the long option names are used as properties of the JSON object) (options set in the comand line prevail)


--- simulator started 2026-07-14T12:05:31.769Z ---
{"time":"2026-07-14T12:05:32.238Z","lvl":"ERROR","msg":"The provided simulation configuration file path ('C:\\Users\\igeran\\desktop\\fiware-device-simulator\\simulation.json') does not exist"}

  Usage: fiwareDeviceSimulatorCLI [options]

  Options:

    -h, --help                                     output usage information
    -V, --version                                  output the version number
    -c, --configuration <configuration-file-path>  Absolute or relative path (from the root of the Node application) to the device simulator configuration file (mandatory)
    -d, --delay <milliseconds>                     The delay in milliseconds for future updates when the number of update requests waiting for response is bigger than the value set with the -m option (defaults to 1 second if -m is set and -d is not set, it has no effect if -m is not set)
    -m, --maximumNotRespondedRequests <requests>   The maximum number of update requests not responded before applying delay
    -p, --progressInfoInterval <milliseconds>      The interval in milliseconds to show progress information  for fast-forward simulation
    -s, --silent                                   No progress information will be output by the console
    -w, --dweet <dweet-configuration>              Configuration information to publish the simulation progress information in dweet.io (it must be an object containing a 'name' property for the dweet thing and optionally an 'apiKey' property in case the thing is locked, for example: -w "{\"name\": \"fds:Test:001\"}")
    -l, --timeline <google-sheets-configuration    Configuration information to publish the scheduled updates into Google Sheets for its visualization as a Timeline Google Chart in Freeboard.io (it must be an object including a 'sheetKey' property for the long Google Sheet key where the data will be stored, a 'credentialsPath' property for the path to the Google generated credentials (more information about how to generate this credentials is available in the documentation), a 'dateFormat' property for the date format used by Google Sheets in your locale according to the dateformat NPM package (for further information, please visit: https://github.com/felixge/node-dateformat#mask-options) and a 'refreshInterval' property for the minimum interval in milliseconds the scheduled updates will be refreshed in the associated Google Sheet (i.e., the Google Sheet will be udpated in the next progress information tick (see the -p option) once this interval has passed since the last refresh), for example: -l "{\"sheetKey": \"1rGEpgC38kf_AC7FFlM71wev_-fKeuPKEOTvVY9I7e2Y", \"credentialsPath\": \"FIWARE Device Simulator-f11816817451.json\", \"dateFormat": \"dd/mm/yyyy HH:MM:ss\", \"refreshInterval\": 15000}")
    -f, --from <from-date>                         The start date to begin the fast-forward simulation (if not set, the current time will be used)
    -t, --to <to-date>                             The end date to stop the fast-forward simulation (if not set, the fast-forward will progress to the future and never end)
    -x, --all <cli-configuration-file-path>        Absolute or relative path (from the root of the Node application) to the command line tool configuration file (a JSON file including all the previous configuration options) (the long option names are used as properties of the JSON object) (options set in the comand line prevail)


--- simulator started 2026-07-14T12:13:29.145Z ---
{"time":"2026-07-14T12:13:29.668Z","lvl":"ERROR","msg":"The provided simulation configuration file path ('C:\\Users\\igeran\\desktop\\fiware-device-simulator\\simulation.json') does not exist"}

  Usage: fiwareDeviceSimulatorCLI [options]

  Options:

    -h, --help                                     output usage information
    -V, --version                                  output the version number
    -c, --configuration <configuration-file-path>  Absolute or relative path (from the root of the Node application) to the device simulator configuration file (mandatory)
    -d, --delay <milliseconds>                     The delay in milliseconds for future updates when the number of update requests waiting for response is bigger than the value set with the -m option (defaults to 1 second if -m is set and -d is not set, it has no effect if -m is not set)
    -m, --maximumNotRespondedRequests <requests>   The maximum number of update requests not responded before applying delay
    -p, --progressInfoInterval <milliseconds>      The interval in milliseconds to show progress information  for fast-forward simulation
    -s, --silent                                   No progress information will be output by the console
    -w, --dweet <dweet-configuration>              Configuration information to publish the simulation progress information in dweet.io (it must be an object containing a 'name' property for the dweet thing and optionally an 'apiKey' property in case the thing is locked, for example: -w "{\"name\": \"fds:Test:001\"}")
    -l, --timeline <google-sheets-configuration    Configuration information to publish the scheduled updates into Google Sheets for its visualization as a Timeline Google Chart in Freeboard.io (it must be an object including a 'sheetKey' property for the long Google Sheet key where the data will be stored, a 'credentialsPath' property for the path to the Google generated credentials (more information about how to generate this credentials is available in the documentation), a 'dateFormat' property for the date format used by Google Sheets in your locale according to the dateformat NPM package (for further information, please visit: https://github.com/felixge/node-dateformat#mask-options) and a 'refreshInterval' property for the minimum interval in milliseconds the scheduled updates will be refreshed in the associated Google Sheet (i.e., the Google Sheet will be udpated in the next progress information tick (see the -p option) once this interval has passed since the last refresh), for example: -l "{\"sheetKey": \"1rGEpgC38kf_AC7FFlM71wev_-fKeuPKEOTvVY9I7e2Y", \"credentialsPath\": \"FIWARE Device Simulator-f11816817451.json\", \"dateFormat": \"dd/mm/yyyy HH:MM:ss\", \"refreshInterval\": 15000}")
    -f, --from <from-date>                         The start date to begin the fast-forward simulation (if not set, the current time will be used)
    -t, --to <to-date>                             The end date to stop the fast-forward simulation (if not set, the fast-forward will progress to the future and never end)
    -x, --all <cli-configuration-file-path>        Absolute or relative path (from the root of the Node application) to the command line tool configuration file (a JSON file including all the previous configuration options) (the long option names are used as properties of the JSON object) (options set in the comand line prevail)

